{
  "RSpec": {
    "coverage": {
      "/Users/vladstoick/Desktop/Dev/backend/app/models/user.rb": [
        1,
        1,
        null,
        null,
        1,
        1,
        1,
        null,
        1,
        7,
        null,
        1,
        null,
        1,
        1,
        null,
        1,
        null,
        1,
        2,
        null,
        null,
        1,
        null,
        1,
        3,
        null,
        null,
        1,
        591,
        2,
        2,
        null,
        null,
        null
      ],
      "/Users/vladstoick/Desktop/Dev/backend/app/models/application_record.rb": [
        1,
        1,
        null
      ],
      "/Users/vladstoick/Desktop/Dev/backend/app/models/questions/cloze.rb": [
        1,
        1,
        43,
        1,
        1,
        null,
        1,
        7,
        null,
        null,
        1,
        2,
        8,
        2,
        1,
        1,
        1,
        null,
        null,
        null,
        null,
        null,
        2,
        null,
        null,
        1,
        4,
        5,
        null,
        null
      ],
      "/Users/vladstoick/Desktop/Dev/backend/app/models/question.rb": [
        1,
        1,
        1,
        null,
        1,
        null,
        null,
        null,
        null,
        null,
        null,
        null,
        10,
        null,
        null
      ],
      "/Users/vladstoick/Desktop/Dev/backend/app/models/questions/cross.rb": [
        1,
        1,
        1,
        34,
        1,
        null,
        1,
        null,
        1,
        2,
        2,
        2,
        1,
        1,
        1,
        null,
        null,
        null,
        null,
        null,
        2,
        null,
        null,
        1,
        3,
        null,
        null
      ],
      "/Users/vladstoick/Desktop/Dev/backend/app/models/cross_metadata.rb": [
        1,
        1,
        1,
        null
      ],
      "/Users/vladstoick/Desktop/Dev/backend/app/models/cross_row.rb": [
        1,
        1,
        1,
        null,
        1,
        null
      ],
      "/Users/vladstoick/Desktop/Dev/backend/app/models/cross_hint.rb": [
        1,
        1,
        1,
        null,
        1,
        null
      ],
      "/Users/vladstoick/Desktop/Dev/backend/app/models/questions/match.rb": [
        1,
        1,
        1,
        1,
        1,
        1,
        null,
        1,
        3,
        3,
        3,
        5,
        null,
        null,
        null,
        null,
        5,
        2,
        null,
        3,
        null,
        null,
        3,
        3,
        2,
        1,
        1,
        null,
        3,
        null,
        null,
        null,
        null,
        3,
        null,
        null,
        1,
        null,
        null,
        4,
        5,
        null,
        null
      ],
      "/Users/vladstoick/Desktop/Dev/backend/app/models/questions/mix.rb": [
        1,
        1,
        null,
        1,
        1,
        1,
        1,
        null,
        1,
        19,
        null,
        null,
        1,
        null,
        4,
        null,
        null,
        1,
        2,
        2,
        2,
        1,
        1,
        1,
        null,
        null,
        null,
        null,
        null,
        2,
        null,
        null,
        1,
        null,
        1,
        5,
        5,
        11,
        11,
        11,
        1,
        null,
        null,
        null,
        null,
        null,
        1,
        16,
        1,
        null,
        null,
        16,
        2,
        null,
        null,
        null,
        1,
        206,
        null,
        null
      ],
      "/Users/vladstoick/Desktop/Dev/backend/app/models/questions/multiple_choice.rb": [
        1,
        1,
        null,
        1,
        1,
        1,
        null,
        1,
        null,
        1,
        10,
        null,
        null,
        1,
        4,
        null,
        7,
        null,
        null,
        1,
        2,
        5,
        null,
        2,
        7,
        2,
        1,
        1,
        null,
        null,
        1,
        null,
        null,
        null,
        null,
        null,
        2,
        null,
        null,
        1,
        132,
        2,
        null,
        null,
        null
      ],
      "/Users/vladstoick/Desktop/Dev/backend/app/models/questions/single_choice.rb": [
        1,
        1,
        1,
        1,
        1,
        1,
        null,
        1,
        6,
        6,
        6,
        2,
        4,
        1,
        null,
        null,
        null,
        null,
        null,
        6,
        null,
        null,
        1,
        9,
        null,
        null,
        1,
        null,
        1,
        18,
        null,
        null,
        1,
        231,
        1,
        null,
        null,
        231,
        1,
        null,
        null,
        null
      ],
      "/Users/vladstoick/Desktop/Dev/backend/app/controllers/application_controller.rb": [
        1,
        1,
        1,
        1,
        1,
        1,
        null,
        1,
        null,
        null,
        null,
        null,
        1,
        null,
        null,
        null,
        null,
        1,
        null,
        null,
        null,
        null,
        1,
        null,
        null,
        null,
        null,
        1,
        4,
        null,
        null,
        null,
        null,
        null,
        null,
        1,
        8,
        null,
        null,
        null,
        null,
        null,
        null,
        1,
        2,
        null,
        null,
        null,
        null,
        null,
        null,
        1,
        7,
        null,
        null,
        null,
        null,
        null,
        null,
        1,
        26,
        null,
        null,
        null,
        null,
        26,
        null,
        null,
        1,
        6,
        null,
        null,
        null,
        6,
        null,
        null,
        6,
        null,
        null,
        null,
        null,
        null,
        1,
        null,
        1,
        null,
        1,
        1,
        null,
        null
      ],
      "/Users/vladstoick/Desktop/Dev/backend/app/controllers/groups_controller.rb": [
        1,
        1,
        null,
        1,
        1,
        1,
        1,
        null,
        null,
        1,
        1,
        1,
        1,
        null,
        null,
        null,
        null,
        null,
        null,
        null,
        null,
        null,
        null,
        null,
        null,
        null,
        null,
        null,
        null,
        null,
        null,
        null,
        null,
        null,
        null,
        null,
        null,
        null,
        null,
        null,
        null,
        null,
        1,
        1,
        null,
        null,
        1,
        1,
        1,
        null,
        1,
        3,
        3,
        3,
        1,
        null,
        2,
        null,
        null,
        null,
        1,
        1,
        1,
        1,
        1,
        null,
        null,
        null,
        null,
        null,
        null,
        null,
        null,
        null,
        null,
        null,
        1,
        null,
        null,
        null,
        null,
        1,
        2,
        2,
        null,
        2,
        2,
        null,
        2,
        3,
        1,
        null,
        null,
        null,
        1,
        null,
        2,
        null,
        null,
        null,
        2,
        null,
        null,
        null,
        2,
        2,
        null,
        2,
        null,
        null,
        1,
        1,
        1,
        1,
        1,
        null,
        null,
        null,
        null,
        null,
        null,
        null,
        null,
        null,
        null,
        null,
        1,
        null,
        null,
        null,
        1,
        2,
        2,
        null,
        2,
        2,
        2,
        null,
        2,
        3,
        1,
        1,
        null,
        null,
        null,
        null,
        1,
        null,
        null,
        2,
        null,
        null,
        null,
        2,
        null,
        null,
        null,
        2,
        2,
        2,
        null,
        null,
        1,
        1,
        1,
        1,
        1,
        1,
        1,
        1,
        null,
        null,
        1,
        1,
        1,
        1,
        null,
        null,
        null,
        null,
        null,
        null,
        null,
        null,
        1,
        2,
        2,
        2,
        null,
        null,
        1,
        1,
        1,
        1,
        1,
        1,
        null,
        null,
        null,
        null,
        1,
        1,
        1,
        3,
        1,
        1,
        null,
        null,
        1,
        1,
        1,
        1,
        null,
        null,
        null,
        null,
        null,
        null,
        null,
        null,
        1,
        1,
        1,
        1,
        null,
        null,
        1,
        1,
        1,
        null,
        null,
        null,
        null,
        null,
        null,
        null,
        null,
        null,
        null,
        null,
        null,
        null,
        null,
        null,
        1,
        3,
        null,
        3,
        3,
        null,
        null,
        3,
        null,
        null,
        null,
        3,
        null,
        null,
        1,
        1,
        1,
        1,
        1,
        1,
        1,
        null,
        null,
        1,
        1,
        1,
        1,
        1,
        1,
        2,
        2,
        2,
        2,
        2,
        1,
        1,
        null,
        1,
        null,
        null,
        null,
        1,
        1,
        1,
        1,
        1,
        1,
        2,
        2,
        2,
        2,
        1,
        1,
        null,
        1,
        null,
        null,
        null
      ],
      "/Users/vladstoick/Desktop/Dev/backend/app/controllers/quizzes_controller.rb": [
        1,
        1,
        null,
        1,
        1,
        1,
        1,
        null,
        null,
        1,
        1,
        1,
        1,
        1,
        1,
        null,
        null,
        null,
        null,
        1,
        null,
        null,
        null,
        null,
        null,
        null,
        null,
        null,
        null,
        null,
        null,
        null,
        null,
        null,
        null,
        null,
        null,
        null,
        null,
        null,
        null,
        null,
        null,
        null,
        null,
        null,
        null,
        null,
        null,
        null,
        null,
        null,
        null,
        null,
        null,
        null,
        null,
        null,
        null,
        null,
        null,
        null,
        null,
        null,
        null,
        null,
        null,
        null,
        null,
        null,
        null,
        null,
        null,
        null,
        null,
        null,
        null,
        null,
        null,
        null,
        null,
        null,
        null,
        null,
        null,
        null,
        null,
        null,
        null,
        null,
        null,
        null,
        null,
        null,
        null,
        null,
        null,
        null,
        null,
        null,
        null,
        null,
        null,
        null,
        null,
        null,
        null,
        null,
        null,
        null,
        null,
        null,
        null,
        null,
        null,
        null,
        null,
        null,
        null,
        null,
        null,
        null,
        null,
        null,
        null,
        null,
        null,
        null,
        null,
        null,
        null,
        null,
        null,
        null,
        null,
        null,
        null,
        null,
        null,
        null,
        null,
        null,
        null,
        null,
        null,
        null,
        null,
        null,
        null,
        null,
        null,
        null,
        null,
        1,
        10,
        10,
        1,
        null,
        null,
        null,
        null,
        9,
        9,
        7,
        null,
        null,
        null,
        null,
        2,
        null,
        5,
        null,
        null,
        7,
        null,
        null,
        null,
        null,
        null,
        null,
        1,
        1,
        1,
        2,
        null,
        null,
        1,
        1,
        1,
        1,
        1,
        1,
        null,
        null,
        null,
        null,
        1,
        2,
        2,
        2,
        null,
        null,
        1,
        1,
        null,
        null,
        null,
        null,
        null,
        null,
        null,
        null,
        null,
        null,
        null,
        null,
        null,
        null,
        null,
        null,
        null,
        null,
        null,
        null,
        null,
        null,
        null,
        null,
        null,
        null,
        null,
        null,
        null,
        null,
        null,
        null,
        null,
        null,
        null,
        null,
        null,
        null,
        null,
        null,
        null,
        null,
        null,
        null,
        null,
        null,
        null,
        null,
        null,
        null,
        null,
        null,
        null,
        null,
        null,
        null,
        null,
        null,
        null,
        null,
        null,
        null,
        null,
        null,
        null,
        null,
        null,
        null,
        null,
        null,
        null,
        null,
        null,
        null,
        null,
        null,
        null,
        null,
        null,
        null,
        null,
        null,
        null,
        null,
        null,
        null,
        null,
        null,
        null,
        null,
        null,
        null,
        null,
        null,
        null,
        null,
        null,
        null,
        null,
        null,
        null,
        null,
        null,
        null,
        null,
        null,
        null,
        null,
        null,
        null,
        null,
        null,
        null,
        null,
        null,
        null,
        null,
        null,
        null,
        null,
        null,
        null,
        null,
        null,
        null,
        null,
        null,
        null,
        null,
        null,
        null,
        null,
        null,
        null,
        null,
        null,
        null,
        null,
        null,
        null,
        null,
        null,
        null,
        null,
        null,
        null,
        null,
        null,
        null,
        null,
        null,
        1,
        10,
        null,
        8,
        null,
        8,
        6,
        null,
        2,
        null,
        null,
        null,
        1,
        1,
        1,
        1,
        1,
        1,
        4,
        4,
        4,
        4,
        1,
        3,
        1,
        null,
        2,
        null,
        null,
        null,
        1,
        1,
        1,
        1,
        null,
        null,
        null,
        null,
        null,
        null,
        null,
        null,
        null,
        null,
        null,
        null,
        null,
        null,
        null,
        null,
        null,
        null,
        null,
        null,
        null,
        null,
        null,
        null,
        null,
        null,
        null,
        null,
        null,
        null,
        null,
        null,
        null,
        null,
        null,
        null,
        null,
        null,
        null,
        null,
        null,
        null,
        null,
        null,
        null,
        null,
        null,
        null,
        null,
        null,
        null,
        null,
        null,
        null,
        null,
        null,
        null,
        null,
        null,
        null,
        1,
        null,
        null,
        null,
        null,
        null,
        null,
        null,
        null,
        null,
        null,
        null,
        null,
        null,
        null,
        null,
        null,
        null,
        null,
        null,
        null,
        null,
        null,
        null,
        null,
        null,
        null,
        null,
        null,
        null,
        null,
        null,
        null,
        null,
        null,
        null,
        null,
        null,
        null,
        null,
        null,
        null,
        null,
        null,
        null,
        null,
        null,
        null,
        null,
        null,
        null,
        null,
        null,
        null,
        null,
        null,
        null,
        null,
        null,
        null,
        null,
        null,
        null,
        null,
        null,
        null,
        null,
        1,
        1,
        6,
        6,
        5,
        5,
        5,
        5,
        4,
        null,
        5,
        5,
        5,
        null,
        null,
        null,
        1,
        null,
        4,
        4,
        null,
        null,
        4,
        null,
        null,
        5,
        5,
        5,
        5,
        5,
        null,
        null,
        null,
        null,
        null,
        null,
        1,
        1,
        1,
        1,
        1,
        3,
        8,
        2,
        3,
        null,
        2,
        2,
        2,
        null,
        null,
        1,
        1,
        1,
        1,
        1,
        1,
        1,
        1,
        1,
        null,
        null,
        1,
        1,
        1,
        11,
        10,
        null,
        10,
        null,
        10,
        8,
        null,
        6,
        4,
        null,
        null,
        2,
        null,
        null,
        2,
        2,
        null,
        null,
        1,
        1,
        1,
        1,
        1,
        1,
        1,
        1,
        null,
        null,
        1,
        1,
        1,
        1,
        null,
        null,
        null,
        null,
        null,
        null,
        null,
        null,
        null,
        null,
        null,
        null,
        null,
        null,
        null,
        null,
        null,
        null,
        null,
        null,
        null,
        null,
        null,
        1,
        1,
        1,
        null,
        1,
        null,
        null,
        null,
        null,
        null,
        1,
        null,
        1,
        14,
        10,
        null,
        10,
        null,
        10,
        2,
        null,
        null,
        8,
        null,
        null,
        null,
        1,
        11,
        null,
        null,
        null,
        null,
        null,
        null,
        null,
        null,
        null,
        null,
        null,
        null,
        null,
        null,
        null,
        null,
        null,
        null,
        null,
        null,
        null,
        null,
        null,
        null,
        null,
        null,
        null,
        null,
        null,
        null,
        null,
        null,
        null,
        null,
        null,
        null,
        null,
        null,
        null,
        null,
        null,
        null,
        null,
        null,
        null,
        null,
        null,
        null,
        null,
        null,
        null,
        null,
        null,
        null
      ],
      "/Users/vladstoick/Desktop/Dev/backend/app/controllers/statistics_controller.rb": [
        1,
        1,
        null,
        1,
        1,
        1,
        null,
        null,
        1,
        1,
        null,
        null,
        null,
        1,
        null,
        null,
        null,
        null,
        null,
        null,
        null,
        null,
        null,
        null,
        null,
        null,
        null,
        1,
        1,
        null,
        null,
        null,
        null,
        null,
        null,
        null,
        null,
        null,
        2,
        null,
        1,
        null,
        null,
        1,
        1,
        null,
        null,
        null,
        null,
        1,
        null,
        null,
        null,
        null,
        null,
        null,
        null,
        null,
        null,
        null,
        null,
        null,
        1,
        1,
        null,
        null,
        null,
        null,
        null,
        null,
        null,
        null,
        null,
        null,
        null,
        null,
        null,
        null,
        null,
        1,
        null,
        1,
        null,
        null
      ],
      "/Users/vladstoick/Desktop/Dev/backend/app/controllers/users/mine_controller.rb": [
        1,
        1,
        null,
        1,
        1,
        1,
        null,
        null,
        1,
        1,
        null,
        null,
        null,
        null,
        null,
        null,
        null,
        null,
        null,
        null,
        null,
        null,
        null,
        null,
        null,
        1,
        1,
        null,
        null,
        1,
        1,
        null,
        null,
        null,
        null,
        null,
        null,
        null,
        null,
        1,
        3,
        3,
        null,
        4,
        2,
        null,
        null,
        1,
        1,
        null,
        null,
        null,
        null,
        null,
        null,
        null,
        null,
        null,
        null,
        1,
        1,
        null,
        null,
        1,
        1,
        null,
        null,
        null,
        null,
        null,
        null,
        null,
        null,
        null,
        null,
        null,
        null,
        null,
        1,
        1,
        1,
        null,
        null
      ],
      "/Users/vladstoick/Desktop/Dev/backend/app/controllers/users_controller.rb": [
        1,
        1,
        1,
        1,
        null,
        null,
        null,
        null,
        null,
        null,
        null,
        null,
        null,
        null,
        null,
        null,
        null,
        null,
        null,
        null,
        null,
        null,
        null,
        null,
        null,
        null,
        null,
        null,
        null,
        null,
        null,
        1,
        4,
        4,
        null,
        4,
        2,
        null,
        4,
        2,
        1,
        null,
        null,
        4,
        null,
        null,
        null,
        null,
        null,
        4,
        null,
        null
      ],
      "/Users/vladstoick/Desktop/Dev/backend/app/mailers/group_invite_mailer.rb": [
        1,
        1,
        2,
        null,
        null,
        null,
        null,
        null,
        null
      ],
      "/Users/vladstoick/Desktop/Dev/backend/app/mailers/application_mailer.rb": [
        1,
        1,
        1,
        null
      ],
      "/Users/vladstoick/Desktop/Dev/backend/app/models/answer.rb": [
        1,
        1,
        null,
        1,
        1,
        null
      ],
      "/Users/vladstoick/Desktop/Dev/backend/app/models/cloze_sentence.rb": [
        1,
        1,
        null,
        1,
        null
      ],
      "/Users/vladstoick/Desktop/Dev/backend/app/models/gap.rb": [
        1,
        1,
        1,
        1,
        null,
        1,
        null
      ],
      "/Users/vladstoick/Desktop/Dev/backend/app/models/group_invite.rb": [
        1,
        1,
        1,
        null,
        1,
        null,
        1,
        null,
        1,
        10,
        null,
        null
      ],
      "/Users/vladstoick/Desktop/Dev/backend/app/models/group_join_request.rb": [
        1,
        1,
        1,
        1,
        null,
        1,
        null,
        1,
        null,
        1,
        7,
        null,
        null
      ],
      "/Users/vladstoick/Desktop/Dev/backend/app/models/group.rb": [
        1,
        1,
        1,
        null,
        4,
        1,
        null,
        30,
        1,
        null,
        1,
        19,
        null,
        1,
        1,
        1,
        null,
        1,
        1,
        null,
        1,
        1,
        null,
        null
      ],
      "/Users/vladstoick/Desktop/Dev/backend/app/models/groups_user.rb": [
        1,
        1,
        1,
        null,
        1,
        null,
        31,
        5,
        null
      ],
      "/Users/vladstoick/Desktop/Dev/backend/app/models/hint.rb": [
        1,
        1,
        1,
        null
      ],
      "/Users/vladstoick/Desktop/Dev/backend/app/models/pair.rb": [
        1,
        1,
        1,
        null,
        1,
        null,
        1,
        75,
        75,
        75,
        null,
        null,
        75,
        75,
        75,
        null,
        null,
        null
      ],
      "/Users/vladstoick/Desktop/Dev/backend/app/models/sentence.rb": [
        1,
        1,
        1,
        1,
        null
      ],
      "/Users/vladstoick/Desktop/Dev/backend/app/serializers/quiz_serializer.rb": [
        1,
        1,
        1,
        null,
        1,
        32,
        null,
        null
      ],
      "/Users/vladstoick/Desktop/Dev/backend/app/models/ability.rb": [
        1,
        1,
        null,
        1,
        23,
        23,
        23,
        null,
        null,
        1,
        23,
        null,
        null,
        1,
        23,
        null,
        null,
        1,
        23,
        14,
        null,
        null,
        23,
        2,
        null,
        null,
        null
      ],
      "/Users/vladstoick/Desktop/Dev/backend/app/models/quiz.rb": [
        1,
        1,
        1,
        3,
        1,
        1,
        1,
        null,
        1,
        null,
        1,
        7,
        7,
        null,
        null
      ],
      "/Users/vladstoick/Desktop/Dev/backend/app/mailers/group_request_mailer.rb": [
        1,
        1,
        7,
        7,
        null,
        null,
        null,
        null,
        null,
        null,
        null
      ],
      "/Users/vladstoick/Desktop/Dev/backend/app/serializers/group_serializer.rb": [
        1,
        1,
        7,
        7,
        7,
        7,
        null
      ],
      "/Users/vladstoick/Desktop/Dev/backend/app/models/groups_quiz.rb": [
        1,
        1,
        1,
        null,
        1,
        null
      ],
      "/Users/vladstoick/Desktop/Dev/backend/app/serializers/user_serializer.rb": [
        1,
        1,
        null
      ],
      "/Users/vladstoick/Desktop/Dev/backend/app/serializers/quiz_index_serializer.rb": [
        1,
        1,
        null
      ],
      "/Users/vladstoick/Desktop/Dev/backend/app/serializers/questions/single_choice_serializer.rb": [
        1,
        1,
        1,
        null,
        1,
        17,
        null,
        null
      ],
      "/Users/vladstoick/Desktop/Dev/backend/app/serializers/questions/multiple_choice_serializer.rb": [
        1,
        1,
        1,
        null,
        1,
        13,
        null,
        null
      ],
      "/Users/vladstoick/Desktop/Dev/backend/app/serializers/answer_serializer.rb": [
        1,
        1,
        69,
        null
      ],
      "/Users/vladstoick/Desktop/Dev/backend/app/models/match_default.rb": [
        1,
        1,
        1,
        null
      ],
      "/Users/vladstoick/Desktop/Dev/backend/app/serializers/questions/match_serializer.rb": [
        1,
        1,
        15,
        15,
        15,
        null,
        1,
        null,
        null,
        null,
        null,
        16,
        8,
        null,
        null,
        1,
        null,
        null,
        null,
        null,
        16,
        8,
        null,
        null,
        1,
        14,
        null,
        null,
        1,
        14,
        null,
        null
      ],
      "/Users/vladstoick/Desktop/Dev/backend/app/serializers/questions/mix_serializer.rb": [
        1,
        1,
        14,
        14,
        null,
        1,
        13,
        null,
        null
      ],
      "/Users/vladstoick/Desktop/Dev/backend/app/serializers/questions/cloze_serializer.rb": [
        1,
        1,
        14,
        14,
        14,
        14,
        null,
        1,
        7,
        null,
        null,
        1,
        13,
        null,
        null,
        1,
        22,
        null,
        null
      ],
      "/Users/vladstoick/Desktop/Dev/backend/app/serializers/questions/cross_serializer.rb": [
        1,
        1,
        1,
        null,
        1,
        13,
        null,
        null,
        1,
        13,
        null,
        null,
        1,
        13,
        6,
        null,
        7,
        22,
        null,
        null,
        null,
        null,
        1,
        13,
        null,
        null
      ],
      "/Users/vladstoick/Desktop/Dev/backend/app/serializers/cross_hint_serializer.rb": [
        1,
        1,
        null
      ],
      "/Users/vladstoick/Desktop/Dev/backend/app/models/quiz_session.rb": [
        1,
        1,
        1,
        1,
        null
      ],
      "/Users/vladstoick/Desktop/Dev/backend/app/serializers/quiz_session_serializer.rb": [
        1,
        1,
        11,
        null,
        1,
        10,
        null,
        null,
        1,
        10,
        null,
        null
      ],
      "/Users/vladstoick/Desktop/Dev/backend/app/serializers/quiz_start_serializer.rb": [
        1,
        1,
        null,
        1,
        1,
        null,
        null,
        1,
        1,
        null,
        null
      ],
      "/Users/vladstoick/Desktop/Dev/backend/app/serializers/quiz_session_start_serializer.rb": [
        1,
        1,
        3,
        null,
        1,
        2,
        null,
        null,
        1,
        2,
        null,
        null
      ],
      "/Users/vladstoick/Desktop/Dev/backend/app/serializers/groups_user_serializer.rb": [
        1,
        1,
        null,
        1,
        2,
        null,
        null,
        1,
        2,
        null,
        null,
        1,
        2,
        null,
        null
      ],
      "/Users/vladstoick/Desktop/Dev/backend/app/serializers/my_quizzes_serializer.rb": [
        1,
        1,
        null,
        1,
        2,
        2,
        1,
        null,
        1,
        null,
        null,
        null
      ],
      "/Users/vladstoick/Desktop/Dev/backend/app/serializers/group_join_request_serializer.rb": [
        1,
        1,
        1,
        null,
        1,
        1,
        null,
        null
      ],
      "/Users/vladstoick/Desktop/Dev/backend/app/serializers/pair_serializer.rb": [
        1,
        19,
        19,
        19,
        19,
        19,
        null,
        1,
        6,
        null,
        null,
        1,
        6,
        null,
        null
      ],
      "/Users/vladstoick/Desktop/Dev/backend/app/models/role.rb": [
        1,
        1,
        null
      ],
      "/Users/vladstoick/Desktop/Dev/backend/app/serializers/sentence_serializer.rb": [
        1,
        1,
        null
      ],
      "/Users/vladstoick/Desktop/Dev/backend/app/serializers/cloze_sentence_serializer.rb": [
        1,
        1,
        null
      ],
      "/Users/vladstoick/Desktop/Dev/backend/app/serializers/gap_serializer.rb": [
        1,
        1,
        1,
        null
      ],
      "/Users/vladstoick/Desktop/Dev/backend/app/serializers/hint_serializer.rb": [
        1,
        1,
        null
      ]
    },
    "timestamp": 1490544637
  }
}
